[2021-04-08T16:05:54.186] [DEBUG] cheese - 魅族 18ro |银河秘境图赏
[2021-04-08T16:05:54.188] [DEBUG] cheese - 魅族 18ro |飞雪流光图赏
[2021-04-08T16:05:54.189] [DEBUG] cheese - 魅族 18 | 踏雪图赏
[2021-04-08T16:05:54.189] [DEBUG] cheese - 魅族 18 | 渡海图赏
[2021-04-08T16:05:54.190] [DEBUG] cheese - 手握一款162克的手机拍照，是怎样的体验？让摄影从“轻”出发
[2021-04-08T16:05:54.190] [DEBUG] cheese - Dark Vision 极致夜景视界
[2021-04-08T16:05:54.190] [DEBUG] cheese - 「春雨润物 」魅族18相机体验
[2021-04-08T16:05:54.190] [DEBUG] cheese - 午后暖阳尽显 魅族18 温润优雅
[2021-04-08T16:05:54.191] [DEBUG] cheese - 跨越使用小障碍
[2021-04-08T16:05:54.191] [DEBUG] cheese - 全新导入滤镜
[2021-04-08T16:05:54.191] [DEBUG] cheese - 全面提升续航能力
[2021-04-08T16:05:54.191] [DEBUG] cheese - 不得不知的小功能
[2021-04-08T16:05:54.191] [DEBUG] cheese - 快速挽救手机数据
[2021-04-08T16:05:54.191] [DEBUG] cheese - 全局振感，指尖回响
[2021-04-08T16:05:54.192] [DEBUG] cheese - 魅族 18 Pro
[2021-04-08T16:05:54.192] [DEBUG] cheese - 魅族 18
[2021-04-08T16:05:54.192] [DEBUG] cheese - 这十八年
[2021-04-08T16:05:54.192] [DEBUG] cheese - Lipro 智能家居
[2021-04-08T16:05:54.192] [DEBUG] cheese - Flyme 9 功能视频
[2021-04-08T16:05:54.192] [DEBUG] cheese - Flyme 8 概念视频
[2021-04-08T16:05:54.193] [DEBUG] cheese - Aicy
[2021-04-08T16:05:54.193] [DEBUG] cheese - 安全家庭

[2021-04-28T17:54:42.095] [DEBUG] cheese - 魅族 18ro |银河秘境图赏
[2021-04-28T17:54:42.103] [DEBUG] cheese - 魅族 18ro |飞雪流光图赏
[2021-04-28T17:54:42.103] [DEBUG] cheese - 魅族 18 | 踏雪图赏
[2021-04-28T17:54:42.103] [DEBUG] cheese - 魅族 18 | 渡海图赏
[2021-04-28T17:54:42.103] [DEBUG] cheese - 手握一款162克的手机拍照，是怎样的体验？让摄影从“轻”出发
[2021-04-28T17:54:42.103] [DEBUG] cheese - Dark Vision 极致夜景视界
[2021-04-28T17:54:42.103] [DEBUG] cheese - 「春雨润物 」魅族18相机体验
[2021-04-28T17:54:42.103] [DEBUG] cheese - 午后暖阳尽显 魅族18 温润优雅
[2021-04-28T17:54:42.103] [DEBUG] cheese - 跨越使用小障碍
[2021-04-28T17:54:42.103] [DEBUG] cheese - 全新导入滤镜
[2021-04-28T17:54:42.103] [DEBUG] cheese - 全面提升续航能力
[2021-04-28T17:54:42.103] [DEBUG] cheese - 不得不知的小功能
[2021-04-28T17:54:42.103] [DEBUG] cheese - 快速挽救手机数据
[2021-04-28T17:54:42.103] [DEBUG] cheese - 全局振感，指尖回响
[2021-04-28T17:54:42.103] [DEBUG] cheese - 魅族 18 Pro
[2021-04-28T17:54:42.103] [DEBUG] cheese - 魅族 18
[2021-04-28T17:54:42.103] [DEBUG] cheese - 这十八年
[2021-04-28T17:54:42.103] [DEBUG] cheese - Lipro 智能家居
[2021-04-28T17:54:42.103] [DEBUG] cheese - Flyme 9 功能视频
[2021-04-28T17:54:42.103] [DEBUG] cheese - Flyme 8 概念视频
[2021-04-28T17:54:42.103] [DEBUG] cheese - Aicy
[2021-04-28T17:54:42.103] [DEBUG] cheese - 安全家庭
